<?xml version="1.0" encoding="UTF-8"?>
<!-- Generated by org.testng.reporters.JUnitXMLReporter -->
<testsuite ignored="0" hostname="DESKTOP-EDQ2E72" failures="0" tests="3" name="Default test" time="8.04" errors="0" timestamp="2025-02-26T21:34:23 IST">
  <testcase classname="com.sun.tests.AddcartTest" name="clickonAddcart" time="1.532"/>
  <testcase classname="com.sun.tests.AddcartTest" name="clickonAddcart" time="1.218"/>
  <testcase classname="com.sun.tests.AddcartTest" name="clickonAddcart" time="1.143"/>
</testsuite> <!-- Default test -->
