<?xml version="1.0" encoding="UTF-8"?>
<testng-results ignored="0" total="2" passed="2" failed="0" skipped="0">
  <reporter-output>
  </reporter-output>
  <suite started-at="2025-02-25T14:56:52 IST" name="Suite" finished-at="2025-02-25T14:57:09 IST" duration-ms="16342">
    <groups>
    </groups>
    <test started-at="2025-02-25T14:56:52 IST" name="Test" finished-at="2025-02-25T14:57:09 IST" duration-ms="16342">
      <class name="com.sun.tests.AddcartTest">
        <test-method is-config="true" signature="setup()[pri:0, instance:com.sun.tests.AddcartTest@ea27e34]" started-at="2025-02-25T14:57:00 IST" name="setup" finished-at="2025-02-25T14:57:06 IST" duration-ms="6151" status="PASS">
          <reporter-output>
          </reporter-output>
        </test-method> <!-- setup -->
        <test-method signature="clickonAddcart()[pri:0, instance:com.sun.tests.AddcartTest@ea27e34]" started-at="2025-02-25T14:57:06 IST" name="clickonAddcart" finished-at="2025-02-25T14:57:09 IST" duration-ms="2818" status="PASS">
          <reporter-output>
          </reporter-output>
        </test-method> <!-- clickonAddcart -->
      </class> <!-- com.sun.tests.AddcartTest -->
      <class name="com.sun.tests.LoginTest">
        <test-method is-config="true" signature="setup()[pri:0, instance:com.sun.tests.LoginTest@4d0402b]" started-at="2025-02-25T14:56:52 IST" name="setup" finished-at="2025-02-25T14:56:59 IST" duration-ms="6161" status="PASS">
          <reporter-output>
          </reporter-output>
        </test-method> <!-- setup -->
        <test-method signature="validateurl()[pri:0, instance:com.sun.tests.LoginTest@4d0402b]" started-at="2025-02-25T14:56:59 IST" name="validateurl" finished-at="2025-02-25T14:57:00 IST" duration-ms="1007" status="PASS">
          <reporter-output>
          </reporter-output>
        </test-method> <!-- validateurl -->
      </class> <!-- com.sun.tests.LoginTest -->
    </test> <!-- Test -->
  </suite> <!-- Suite -->
</testng-results>
